#
# There is insufficient memory for the Java Runtime Environment to continue.
# Native memory allocation (mmap) failed to map 132120576 bytes for Failed to commit area from 0x0000000082000000 to 0x0000000089e00000 of length 132120576.
# Possible reasons:
#   The system is out of physical RAM or swap space
#   The process is running with CompressedOops enabled, and the Java Heap may be blocking the growth of the native heap
# Possible solutions:
#   Reduce memory load on the system
#   Increase physical memory or swap space
#   Check if swap backing store is full
#   Decrease Java heap size (-Xmx/-Xms)
#   Decrease number of Java threads
#   Decrease Java thread stack sizes (-Xss)
#   Set larger code cache with -XX:ReservedCodeCacheSize=
# This output file may be truncated or incomplete.
#
#  Out of Memory Error (./open/src/hotspot/os/windows/os_windows.cpp:3284), pid=808, tid=3476
#
# JRE version:  (11.0.14+8) (build )
# Java VM: Java HotSpot(TM) 64-Bit Server VM (11.0.14+8-LTS-263, mixed mode, sharing, tiered, compressed oops, g1 gc, windows-amd64)
# No core dump will be written. Minidumps are not enabled by default on client versions of Windows
#

---------------  S U M M A R Y ------------

Command Line: -Dclassworlds.conf=C:\apache-maven-3.8.5\bin\m2.conf -Dmaven.home=C:\apache-maven-3.8.5 -Dlibrary.jansi.path=C:\apache-maven-3.8.5\lib\jansi-native -Dmaven.multiModuleProjectDirectory=C:\Users\VISHAKAN\eclipse-workspace\Dsalgo_Herokuapp org.codehaus.plexus.classworlds.launcher.Launcher clean install

Host: Intel(R) Core(TM) i5-7200U CPU @ 2.50GHz, 4 cores, 7G,  Windows 10 , 64 bit Build 19041 (10.0.19041.1706)
Time: Sat May 21 18:47:04 2022 Central Daylight Time elapsed time: 0.013628 seconds (0d 0h 0m 0s)

---------------  T H R E A D  ---------------

Current thread (0x000001b2ce988000):  JavaThread "Unknown thread" [_thread_in_vm, id=3476, stack(0x0000002994900000,0x0000002994a00000)]

Stack: [0x0000002994900000,0x0000002994a00000]
Native frames: (J=compiled Java code, j=interpreted, Vv=VM code, C=native code)
V  [jvm.dll+0x6296da]
V  [jvm.dll+0x76323f]
V  [jvm.dll+0x7648e9]
V  [jvm.dll+0x764f73]
V  [jvm.dll+0x23d7c8]
V  [jvm.dll+0x626a5a]
V  [jvm.dll+0x61b7f5]
V  [jvm.dll+0x2f262c]
V  [jvm.dll+0x2f24b2]
V  [jvm.dll+0x2f71d6]
V  [jvm.dll+0x339bdf]
V  [jvm.dll+0x339610]
V  [jvm.dll+0x2cfc48]
V  [jvm.dll+0x2d0db6]
V  [jvm.dll+0x73d857]
V  [jvm.dll+0x73f0ef]
V  [jvm.dll+0x346909]
V  [jvm.dll+0x723160]
V  [jvm.dll+0x3b551f]
V  [jvm.dll+0x3b7631]
C  [jli.dll+0x5207]
C  [ucrtbase.dll+0x21bb2]
C  [KERNEL32.DLL+0x17034]
C  [ntdll.dll+0x52651]


---------------  P R O C E S S  ---------------

Threads class SMR info:
_java_thread_list=0x000001b2ce863d10, length=0, elements={
}

Java Threads: ( => current thread )

Other Threads:
  0x000001b2ce99e800 GCTaskThread "GC Thread#0" [stack: 0x0000002994a00000,0x0000002994b00000] [id=6624]
  0x000001b2ce9ce800 ConcurrentGCThread "G1 Main Marker" [stack: 0x0000002994b00000,0x0000002994c00000] [id=11892]
  0x000001b2ce9d1000 ConcurrentGCThread "G1 Conc#0" [stack: 0x0000002994c00000,0x0000002994d00000] [id=5408]

[error occurred during error reporting (printing all threads), id 0xc0000005, EXCEPTION_ACCESS_VIOLATION (0xc0000005) at pc=0x00007ffdc442eed7]

VM state:not at safepoint (not fully initialized)

VM Mutex/Monitor currently owned by a thread:  ([mutex/lock_event])
[0x000001b2ce9856e0] Heap_lock - owner thread: 0x000001b2ce988000

Heap address: 0x0000000082000000, size: 2016 MB, Compressed Oops mode: Non-zero based: 0x0000000082000000
Narrow klass base: 0x0000000000000000, Narrow klass shift: 0

GC Heap History (0 events):
No events

Deoptimization events (0 events):
No events

Classes redefined (0 events):
No events

Internal exceptions (0 events):
No events

Events (0 events):
No events


Dynamic libraries:
0x00007ff7d7ce0000 - 0x00007ff7d7cef000 	C:\Program Files\Java\jdk-11.0.14\bin\java.exe
0x00007ffdffc10000 - 0x00007ffdffe05000 	C:\WINDOWS\SYSTEM32\ntdll.dll
0x00007ffdffb10000 - 0x00007ffdffbcd000 	C:\WINDOWS\System32\KERNEL32.DLL
0x00007ffdfd480000 - 0x00007ffdfd74d000 	C:\WINDOWS\System32\KERNELBASE.dll
0x00007ffdfdb60000 - 0x00007ffdfdc60000 	C:\WINDOWS\System32\ucrtbase.dll
0x00007ffde3ba0000 - 0x00007ffde3bb5000 	C:\Program Files\Java\jdk-11.0.14\bin\VCRUNTIME140.dll
0x00007ffde5220000 - 0x00007ffde5238000 	C:\Program Files\Java\jdk-11.0.14\bin\jli.dll
0x00007ffdff870000 - 0x00007ffdff91e000 	C:\WINDOWS\System32\ADVAPI32.dll
0x00007ffdfef10000 - 0x00007ffdfefae000 	C:\WINDOWS\System32\msvcrt.dll
0x00007ffdffa70000 - 0x00007ffdffb0c000 	C:\WINDOWS\System32\sechost.dll
0x00007ffdfeb90000 - 0x00007ffdfecb5000 	C:\WINDOWS\System32\RPCRT4.dll
0x00007ffdfecc0000 - 0x00007ffdfee60000 	C:\WINDOWS\System32\USER32.dll
0x00007ffdfd450000 - 0x00007ffdfd472000 	C:\WINDOWS\System32\win32u.dll
0x00007ffdefc70000 - 0x00007ffdeff0a000 	C:\WINDOWS\WinSxS\amd64_microsoft.windows.common-controls_6595b64144ccf1df_6.0.19041.1110_none_60b5254171f9507e\COMCTL32.dll
0x00007ffdff1e0000 - 0x00007ffdff20a000 	C:\WINDOWS\System32\GDI32.dll
0x00007ffdfd7c0000 - 0x00007ffdfd8cb000 	C:\WINDOWS\System32\gdi32full.dll
0x00007ffdfd3b0000 - 0x00007ffdfd44d000 	C:\WINDOWS\System32\msvcp_win.dll
0x00007ffdf7640000 - 0x00007ffdf764a000 	C:\WINDOWS\SYSTEM32\VERSION.dll
0x00007ffdfea30000 - 0x00007ffdfea60000 	C:\WINDOWS\System32\IMM32.DLL
0x00007ffdc9180000 - 0x00007ffdc921b000 	C:\Program Files\Java\jdk-11.0.14\bin\msvcp140.dll
0x00007ffdc4150000 - 0x00007ffdc4c66000 	C:\Program Files\Java\jdk-11.0.14\bin\server\jvm.dll
0x00007ffdfefb0000 - 0x00007ffdfefb8000 	C:\WINDOWS\System32\PSAPI.DLL
0x00007ffde95d0000 - 0x00007ffde95d9000 	C:\WINDOWS\SYSTEM32\WSOCK32.dll
0x00007ffde3ea0000 - 0x00007ffde3ec7000 	C:\WINDOWS\SYSTEM32\WINMM.dll
0x00007ffdffa00000 - 0x00007ffdffa6b000 	C:\WINDOWS\System32\WS2_32.dll
0x00007ffdfbe50000 - 0x00007ffdfbe62000 	C:\WINDOWS\SYSTEM32\kernel.appcore.dll
0x00007ffdf7a00000 - 0x00007ffdf7a10000 	C:\Program Files\Java\jdk-11.0.14\bin\verify.dll
0x00007ffdfb8b0000 - 0x00007ffdfba94000 	C:\WINDOWS\SYSTEM32\DBGHELP.DLL
0x00007ffde51f0000 - 0x00007ffde521c000 	C:\WINDOWS\SYSTEM32\dbgcore.DLL
0x00007ffdfd320000 - 0x00007ffdfd3a2000 	C:\WINDOWS\System32\bcryptPrimitives.dll
0x00007ffdeaf50000 - 0x00007ffdeaf78000 	C:\Program Files\Java\jdk-11.0.14\bin\java.dll
0x00007ffdf79f0000 - 0x00007ffdf79fa000 	C:\Program Files\Java\jdk-11.0.14\bin\jimage.dll
0x00007ffdf6f50000 - 0x00007ffdf6f66000 	C:\Program Files\Java\jdk-11.0.14\bin\zip.dll

dbghelp: loaded successfully - version: 4.0.5 - missing functions: none
symbol engine: initialized successfully - sym options: 0x614 - pdb path: .;C:\Program Files\Java\jdk-11.0.14\bin;C:\WINDOWS\SYSTEM32;C:\WINDOWS\WinSxS\amd64_microsoft.windows.common-controls_6595b64144ccf1df_6.0.19041.1110_none_60b5254171f9507e;C:\Program Files\Java\jdk-11.0.14\bin\server

VM Arguments:
jvm_args: -Dclassworlds.conf=C:\apache-maven-3.8.5\bin\m2.conf -Dmaven.home=C:\apache-maven-3.8.5 -Dlibrary.jansi.path=C:\apache-maven-3.8.5\lib\jansi-native -Dmaven.multiModuleProjectDirectory=C:\Users\VISHAKAN\eclipse-workspace\Dsalgo_Herokuapp 
java_command: org.codehaus.plexus.classworlds.launcher.Launcher clean install
java_class_path (initial): C:\apache-maven-3.8.5\boot\plexus-classworlds-2.6.0.jar
Launcher Type: SUN_STANDARD

[Global flags]
     intx CICompilerCount                          = 3                                         {product} {ergonomic}
     uint ConcGCThreads                            = 1                                         {product} {ergonomic}
     uint G1ConcRefinementThreads                  = 4                                         {product} {ergonomic}
   size_t G1HeapRegionSize                         = 1048576                                   {product} {ergonomic}
    uintx GCDrainStackTargetSize                   = 64                                        {product} {ergonomic}
   size_t InitialHeapSize                          = 132120576                                 {product} {ergonomic}
   size_t MarkStackSize                            = 4194304                                   {product} {ergonomic}
   size_t MaxHeapSize                              = 2113929216                                {product} {ergonomic}
   size_t MinHeapDeltaBytes                        = 1048576                                   {product} {ergonomic}
    uintx NonNMethodCodeHeapSize                   = 5830732                                {pd product} {ergonomic}
    uintx NonProfiledCodeHeapSize                  = 122913754                              {pd product} {ergonomic}
    uintx ProfiledCodeHeapSize                     = 122913754                              {pd product} {ergonomic}
    uintx ReservedCodeCacheSize                    = 251658240                              {pd product} {ergonomic}
     bool SegmentedCodeCache                       = true                                      {product} {ergonomic}
     bool UseCompressedClassPointers               = true                                 {lp64_product} {ergonomic}
     bool UseCompressedOops                        = true                                 {lp64_product} {ergonomic}
     bool UseG1GC                                  = true                                      {product} {ergonomic}
     bool UseLargePagesIndividualAllocation        = false                                  {pd product} {ergonomic}

Logging:
Log output configuration:
 #0: stdout all=warning uptime,level,tags
 #1: stderr all=off uptime,level,tags

Environment Variables:
JAVA_HOME=C:\Program Files\Java\jdk-11.0.14
PATH=C:\Program Files\Common Files\Oracle\Java1\javapath1;C:\Program Files (x86)\Common Files\Oracle\Java\javapath1;C:\Program Files\Microsoft MPI\Bin\;C:\Program Files (x86)\Intel\iCLS Client\;C:\Program Files\Intel\iCLS Client\;C:\WINDOWS\system32;C:\WINDOWS;C:\WINDOWS\System32\Wbem;C:\WINDOWS\System32\WindowsPowerShell\v1.0\;C:\Program Files (x86)\Intel\Intel(R) Management Engine Components\DAL;C:\Program Files\Intel\Intel(R) Management Engine Components\DAL;C:\Program Files (x86)\Intel\Intel(R) Management Engine Components\IPT;C:\Program Files\Intel\Intel(R) Management Engine Components\IPT;C:\Program Files\Microsoft SQL Server\120\Tools\Binn\;C:\Program Files\Microsoft SQL Server\130\Tools\Binn\;C:\Program Files\Microsoft SQL Server\Client SDK\ODBC\130\Tools\Binn\;C:\Program Files (x86)\Microsoft SQL Server\130\Tools\Binn\;C:\Program Files\Microsoft SQL Server\130\DTS\Binn\;C:\Program Files (x86)\Microsoft SQL Server\Client SDK\ODBC\130\Tools\Binn\;C:\Program Files (x86)\Microsoft SQL Server\140\Tools\Binn\;C:\Program Files (x86)\Microsoft SQL Server\140\DTS\Binn\;C:\Program Files (x86)\Microsoft SQL Server\140\Tools\Binn\ManagementStudio\;C:\WINDOWS\System32\OpenSSH\;C:\Program Files\Microsoft\Web Platform Installer\;C:\Program Files (x86)\Microsoft ASP.NET\ASP.NET Web Pages\v1.0\;C:\Program Files (x86)\Windows Kits\8.0\Windows Performance Toolkit\;C:\Program Files\Microsoft SQL Server\110\Tools\Binn\;C:\Program Files\Java\jdk-11.0.14\bin;C:\Program Files\Git\cmd;C:\Program Files\TortoiseGit\bin;C:\Program Files\dotnet\;C:\apache-maven-3.8.5\bin;C:\Program Files\allure-2.17.3\bin;C:\Users\VISHAKAN\AppData\Local\Programs\Python\Python39\Scripts\;C:\Users\VISHAKAN\AppData\Local\Programs\Python\Python39\;C:\Users\VISHAKAN\AppData\Local\Microsoft\WindowsApps;C:\Users\VISHAKAN\AppData\Local\Programs\Microsoft VS Code\bin;C:\Program Files\apache-maven-3.8.5-bin\apache-maven-3.8.5\bin
USERNAME=VISHAKAN
OS=Windows_NT
PROCESSOR_IDENTIFIER=Intel64 Family 6 Model 142 Stepping 9, GenuineIntel



---------------  S Y S T E M  ---------------

OS: Windows 10 , 64 bit Build 19041 (10.0.19041.1706)

CPU:total 4 (initial active 4) (2 cores per cpu, 2 threads per core) family 6 model 142 stepping 9 microcode 0xb4, cmov, cx8, fxsr, mmx, sse, sse2, sse3, ssse3, sse4.1, sse4.2, popcnt, avx, avx2, aes, clmul, erms, 3dnowpref, lzcnt, ht, tsc, tscinvbit, bmi1, bmi2, adx, fma

Memory: 4k page, system-wide physical 8061M (237M free)
TotalPageFile size 8061M (AvailPageFile size 77M)
current process WorkingSet (physical memory assigned to process): 9M, peak: 9M
current process commit charge ("private bytes"): 51M, peak: 177M

vm_info: Java HotSpot(TM) 64-Bit Server VM (11.0.14+8-LTS-263) for windows-amd64 JRE (11.0.14+8-LTS-263), built on Dec  7 2021 21:53:57 by "mach5one" with MS VC++ 15.9 (VS2017)

END.
