#
# There is insufficient memory for the Java Runtime Environment to continue.
# Native memory allocation (malloc) failed to allocate 670992 bytes for Chunk::new
# Possible reasons:
#   The system is out of physical RAM or swap space
#   The process is running with CompressedOops enabled, and the Java Heap may be blocking the growth of the native heap
# Possible solutions:
#   Reduce memory load on the system
#   Increase physical memory or swap space
#   Check if swap backing store is full
#   Decrease Java heap size (-Xmx/-Xms)
#   Decrease number of Java threads
#   Decrease Java thread stack sizes (-Xss)
#   Set larger code cache with -XX:ReservedCodeCacheSize=
#   JVM is running with Unscaled Compressed Oops mode in which the Java heap is
#     placed in the first 4GB address space. The Java Heap base address is the
#     maximum limit for the native heap growth. Please use -XX:HeapBaseMinAddress
#     to set the Java Heap base and to place the Java Heap above 4GB virtual address.
# This output file may be truncated or incomplete.
#
#  Out of Memory Error (allocation.cpp:389), pid=8536, tid=0x000000000000290c
#
# JRE version: Java(TM) SE Runtime Environment (8.0_251-b08) (build 1.8.0_251-b08)
# Java VM: Java HotSpot(TM) 64-Bit Server VM (25.251-b08 mixed mode windows-amd64 compressed oops)
# Failed to write core dump. Minidumps are not enabled by default on client versions of Windows
#

---------------  T H R E A D  ---------------

Current thread (0x0000000016ed3800):  JavaThread "C2 CompilerThread0" daemon [_thread_in_native, id=10508, stack(0x0000000018c30000,0x0000000018d30000)]

Stack: [0x0000000018c30000,0x0000000018d30000]
[error occurred during error reporting (printing stack bounds), id 0xc0000005]

Native frames: (J=compiled Java code, j=interpreted, Vv=VM code, C=native code)


Current CompileTask:
C2:   8518 2121   !   4       java.net.URLClassLoader$1::run (63 bytes)


---------------  P R O C E S S  ---------------

Java Threads: ( => current thread )
  0x000000001a326800 JavaThread "AsyncHttpClient-1-4" daemon [_thread_in_native, id=10884, stack(0x0000000021440000,0x0000000021540000)]
  0x000000001a325800 JavaThread "AsyncHttpClient-1-3" daemon [_thread_in_native, id=3868, stack(0x0000000020330000,0x0000000020430000)]
  0x0000000018fa7800 JavaThread "AsyncHttpClient-1-2" daemon [_thread_in_native, id=11644, stack(0x000000001f020000,0x000000001f120000)]
  0x000000001bca2800 JavaThread "Keep-Alive-Timer" daemon [_thread_blocked, id=12204, stack(0x000000001e510000,0x000000001e610000)]
  0x000000001bdf4000 JavaThread "UrlChecker-2" daemon [_thread_blocked, id=10128, stack(0x000000001ee20000,0x000000001ef20000)]
  0x000000001c1d1000 JavaThread "Exec Stream Pumper" daemon [_thread_in_native, id=13028, stack(0x000000001ed20000,0x000000001ee20000)]
  0x000000001d6ec800 JavaThread "Exec Stream Pumper" daemon [_thread_in_native, id=13296, stack(0x000000001ec20000,0x000000001ed20000)]
  0x000000001d6ee000 JavaThread "Driver Service Executor" daemon [_thread_blocked, id=4916, stack(0x000000001e840000,0x000000001e940000)]
  0x000000001d6ed000 JavaThread "Driver Service Executor" daemon [_thread_blocked, id=7512, stack(0x000000001e740000,0x000000001e840000)]
  0x000000001c2a8000 JavaThread "Exec Default Executor" daemon [_thread_in_native, id=2528, stack(0x000000001e640000,0x000000001e740000)]
  0x000000001bcf7800 JavaThread "AsyncHttpClient-1-1" daemon [_thread_blocked, id=9624, stack(0x000000001d040000,0x000000001d140000)]
  0x000000001b937000 JavaThread "ForkJoinPool.commonPool-worker-1" daemon [_thread_blocked, id=7852, stack(0x000000001ad00000,0x000000001ae00000)]
  0x000000001a14b000 JavaThread "ReaderThread" [_thread_in_native, id=1332, stack(0x000000001af70000,0x000000001b070000)]
  0x0000000018fc1000 JavaThread "Service Thread" daemon [_thread_blocked, id=12904, stack(0x0000000019330000,0x0000000019430000)]
  0x0000000016eda000 JavaThread "C1 CompilerThread2" daemon [_thread_in_vm, id=1380, stack(0x0000000018e30000,0x0000000018f30000)]
  0x0000000016ed9000 JavaThread "C2 CompilerThread1" daemon [_thread_in_native, id=11884, stack(0x0000000018d30000,0x0000000018e30000)]
=>0x0000000016ed3800 JavaThread "C2 CompilerThread0" daemon [_thread_in_native, id=10508, stack(0x0000000018c30000,0x0000000018d30000)]
  0x0000000016ec5800 JavaThread "JDWP Command Reader" daemon [_thread_in_native, id=10996, stack(0x0000000018b30000,0x0000000018c30000)]
  0x0000000016ec2800 JavaThread "JDWP Event Helper Thread" daemon [_thread_blocked, id=2328, stack(0x0000000018a30000,0x0000000018b30000)]
  0x0000000016eb6800 JavaThread "JDWP Transport Listener: dt_socket" daemon [_thread_blocked, id=1124, stack(0x0000000018930000,0x0000000018a30000)]
  0x0000000016ea9800 JavaThread "Attach Listener" daemon [_thread_blocked, id=1128, stack(0x00000000183f0000,0x00000000184f0000)]
  0x0000000016ea8800 JavaThread "Signal Dispatcher" daemon [_thread_blocked, id=11072, stack(0x00000000182f0000,0x00000000183f0000)]
  0x0000000016e93000 JavaThread "Finalizer" daemon [_thread_blocked, id=10368, stack(0x00000000180f0000,0x00000000181f0000)]
  0x0000000016e8a800 JavaThread "Reference Handler" daemon [_thread_blocked, id=10728, stack(0x0000000017ff0000,0x00000000180f0000)]
  0x0000000002289000 JavaThread "Forwarding get on session da9d9b8e192131713e8f52969e5d49c8 to remote" [_thread_blocked, id=12740, stack(0x0000000002170000,0x0000000002270000)]

Other Threads:
  0x0000000016e69000 VMThread [stack: 0x0000000017ef0000,0x0000000017ff0000] [id=8336]
  0x0000000018ff2800 WatcherThread [stack: 0x0000000019430000,0x0000000019530000] [id=7088]

VM state:not at safepoint (normal execution)

VM Mutex/Monitor currently owned by a thread:  ([mutex/lock_event])
[0x0000000002286ca0] Safepoint_lock - owner thread: 0x0000000016e69000
[0x0000000002286e20] Threads_lock - owner thread: 0x0000000016e69000

heap address: 0x0000000082000000, size: 2016 MB, Compressed Oops mode: 32-bit
Narrow klass base: 0x0000000000000000, Narrow klass shift: 3
Compressed class space size: 1073741824 Address: 0x0000000100000000

Heap:
 PSYoungGen      total 135168K, used 13648K [0x00000000d6000000, 0x00000000e2b00000, 0x0000000100000000)
  eden space 126976K, 10% used [0x00000000d6000000,0x00000000d6d54278,0x00000000ddc00000)
  from space 8192K, 0% used [0x00000000ddc00000,0x00000000ddc00000,0x00000000de400000)
  to   space 17920K, 0% used [0x00000000e1980000,0x00000000e1980000,0x00000000e2b00000)
 ParOldGen       total 100352K, used 29278K [0x0000000082000000, 0x0000000088200000, 0x00000000d6000000)
  object space 100352K, 29% used [0x0000000082000000,0x0000000083c978b0,0x0000000088200000)
 Metaspace       used 35295K, capacity 36660K, committed 36992K, reserved 1081344K
  class space    used 4554K, capacity 4870K, committed 4992K, reserved 1048576K

Card table byte_map: [0x0000000011740000,0x0000000011b40000] byte_map_base: 0x0000000011330000

Marking Bits: (ParMarkBitMap*) 0x000000006d71af90
 Begin Bits: [0x00000000121e0000, 0x0000000014160000)
 End Bits:   [0x0000000014160000, 0x00000000160e0000)

Polling page: 0x0000000002010000

CodeCache: size=245760Kb used=7979Kb max_used=7979Kb free=237781Kb
 bounds [0x0000000002380000, 0x0000000002b50000, 0x0000000011380000]
 total_blobs=2798 nmethods=2250 adapters=468
 compilation: enabled

Compilation events (10 events):
Event: 7.986 Thread 0x0000000016eda000 2244       3       java.util.stream.AbstractPipeline::copyInto (53 bytes)
Event: 7.986 Thread 0x0000000016eda000 nmethod 2244 0x0000000002b3e7d0 code [0x0000000002b3e9c0, 0x0000000002b3f258]
Event: 7.986 Thread 0x0000000016eda000 2245       3       java.lang.Integer::parseInt (261 bytes)
Event: 7.988 Thread 0x0000000016eda000 nmethod 2245 0x0000000002b3f550 code [0x0000000002b3f960, 0x0000000002b41828]
Event: 7.988 Thread 0x0000000016eda000 2246       3       java.util.stream.Sink::end (1 bytes)
Event: 7.988 Thread 0x0000000016eda000 nmethod 2246 0x0000000002b42e90 code [0x0000000002b42fe0, 0x0000000002b43130]
Event: 7.988 Thread 0x0000000016eda000 2247       3       java.util.ArrayDeque::removeFirst (19 bytes)
Event: 7.988 Thread 0x0000000016eda000 nmethod 2247 0x0000000002b43190 code [0x0000000002b43320, 0x0000000002b435b8]
Event: 7.988 Thread 0x0000000016eda000 2248       1       io.netty.buffer.AbstractByteBuf::writerIndex (5 bytes)
Event: 7.988 Thread 0x0000000016eda000 nmethod 2248 0x0000000002b43710 code [0x0000000002b43860, 0x0000000002b43970]

GC Heap History (10 events):
Event: 2.804 GC heap before
{Heap before GC invocations=5 (full 0):
 PSYoungGen      total 70656K, used 12099K [0x00000000d6000000, 0x00000000daa00000, 0x0000000100000000)
  eden space 65536K, 10% used [0x00000000d6000000,0x00000000d66d2058,0x00000000da000000)
  from space 5120K, 99% used [0x00000000da500000,0x00000000da9fed40,0x00000000daa00000)
  to   space 5120K, 0% used [0x00000000da000000,0x00000000da000000,0x00000000da500000)
 ParOldGen       total 86016K, used 986K [0x0000000082000000, 0x0000000087400000, 0x00000000d6000000)
  object space 86016K, 1% used [0x0000000082000000,0x00000000820f6a60,0x0000000087400000)
 Metaspace       used 20755K, capacity 21180K, committed 21296K, reserved 1069056K
  class space    used 2509K, capacity 2629K, committed 2688K, reserved 1048576K
Event: 2.812 GC heap after
Heap after GC invocations=5 (full 0):
 PSYoungGen      total 70656K, used 4665K [0x00000000d6000000, 0x00000000dec00000, 0x0000000100000000)
  eden space 65536K, 0% used [0x00000000d6000000,0x00000000d6000000,0x00000000da000000)
  from space 5120K, 91% used [0x00000000da000000,0x00000000da48e7d8,0x00000000da500000)
  to   space 6144K, 0% used [0x00000000de600000,0x00000000de600000,0x00000000dec00000)
 ParOldGen       total 86016K, used 994K [0x0000000082000000, 0x0000000087400000, 0x00000000d6000000)
  object space 86016K, 1% used [0x0000000082000000,0x00000000820f8a60,0x0000000087400000)
 Metaspace       used 20755K, capacity 21180K, committed 21296K, reserved 1069056K
  class space    used 2509K, capacity 2629K, committed 2688K, reserved 1048576K
}
Event: 2.812 GC heap before
{Heap before GC invocations=6 (full 1):
 PSYoungGen      total 70656K, used 4665K [0x00000000d6000000, 0x00000000dec00000, 0x0000000100000000)
  eden space 65536K, 0% used [0x00000000d6000000,0x00000000d6000000,0x00000000da000000)
  from space 5120K, 91% used [0x00000000da000000,0x00000000da48e7d8,0x00000000da500000)
  to   space 6144K, 0% used [0x00000000de600000,0x00000000de600000,0x00000000dec00000)
 ParOldGen       total 86016K, used 994K [0x0000000082000000, 0x0000000087400000, 0x00000000d6000000)
  object space 86016K, 1% used [0x0000000082000000,0x00000000820f8a60,0x0000000087400000)
 Metaspace       used 20755K, capacity 21180K, committed 21296K, reserved 1069056K
  class space    used 2509K, capacity 2629K, committed 2688K, reserved 1048576K
Event: 2.845 GC heap after
Heap after GC invocations=6 (full 1):
 PSYoungGen      total 70656K, used 0K [0x00000000d6000000, 0x00000000dec00000, 0x0000000100000000)
  eden space 65536K, 0% used [0x00000000d6000000,0x00000000d6000000,0x00000000da000000)
  from space 5120K, 0% used [0x00000000da000000,0x00000000da000000,0x00000000da500000)
  to   space 6144K, 0% used [0x00000000de600000,0x00000000de600000,0x00000000dec00000)
 ParOldGen       total 49152K, used 4598K [0x0000000082000000, 0x0000000085000000, 0x00000000d6000000)
  object space 49152K, 9% used [0x0000000082000000,0x000000008247d9b0,0x0000000085000000)
 Metaspace       used 20755K, capacity 21180K, committed 21296K, reserved 1069056K
  class space    used 2509K, capacity 2629K, committed 2688K, reserved 1048576K
}
Event: 4.040 GC heap before
{Heap before GC invocations=7 (full 1):
 PSYoungGen      total 70656K, used 65536K [0x00000000d6000000, 0x00000000dec00000, 0x0000000100000000)
  eden space 65536K, 100% used [0x00000000d6000000,0x00000000da000000,0x00000000da000000)
  from space 5120K, 0% used [0x00000000da000000,0x00000000da000000,0x00000000da500000)
  to   space 6144K, 0% used [0x00000000de600000,0x00000000de600000,0x00000000dec00000)
 ParOldGen       total 49152K, used 4598K [0x0000000082000000, 0x0000000085000000, 0x00000000d6000000)
  object space 49152K, 9% used [0x0000000082000000,0x000000008247d9b0,0x0000000085000000)
 Metaspace       used 28777K, capacity 29504K, committed 29696K, reserved 1075200K
  class space    used 3581K, capacity 3790K, committed 3840K, reserved 1048576K
Event: 4.052 GC heap after
Heap after GC invocations=7 (full 1):
 PSYoungGen      total 114176K, used 6123K [0x00000000d6000000, 0x00000000dec00000, 0x0000000100000000)
  eden space 108032K, 0% used [0x00000000d6000000,0x00000000d6000000,0x00000000dc980000)
  from space 6144K, 99% used [0x00000000de600000,0x00000000debfade0,0x00000000dec00000)
  to   space 8192K, 0% used [0x00000000ddc00000,0x00000000ddc00000,0x00000000de400000)
 ParOldGen       total 49152K, used 7663K [0x0000000082000000, 0x0000000085000000, 0x00000000d6000000)
  object space 49152K, 15% used [0x0000000082000000,0x000000008277bc00,0x0000000085000000)
 Metaspace       used 28777K, capacity 29504K, committed 29696K, reserved 1075200K
  class space    used 3581K, capacity 3790K, committed 3840K, reserved 1048576K
}
Event: 7.663 GC heap before
{Heap before GC invocations=8 (full 1):
 PSYoungGen      total 114176K, used 62965K [0x00000000d6000000, 0x00000000dec00000, 0x0000000100000000)
  eden space 108032K, 52% used [0x00000000d6000000,0x00000000d9782760,0x00000000dc980000)
  from space 6144K, 99% used [0x00000000de600000,0x00000000debfade0,0x00000000dec00000)
  to   space 8192K, 0% used [0x00000000ddc00000,0x00000000ddc00000,0x00000000de400000)
 ParOldGen       total 49152K, used 7663K [0x0000000082000000, 0x0000000085000000, 0x00000000d6000000)
  object space 49152K, 15% used [0x0000000082000000,0x000000008277bc00,0x0000000085000000)
 Metaspace       used 34129K, capacity 35330K, committed 35456K, reserved 1079296K
  class space    used 4382K, capacity 4663K, committed 4736K, reserved 1048576K
Event: 7.680 GC heap after
Heap after GC invocations=8 (full 1):
 PSYoungGen      total 135168K, used 8180K [0x00000000d6000000, 0x00000000e2b00000, 0x0000000100000000)
  eden space 126976K, 0% used [0x00000000d6000000,0x00000000d6000000,0x00000000ddc00000)
  from space 8192K, 99% used [0x00000000ddc00000,0x00000000de3fd3c8,0x00000000de400000)
  to   space 17920K, 0% used [0x00000000e1980000,0x00000000e1980000,0x00000000e2b00000)
 ParOldGen       total 49152K, used 24968K [0x0000000082000000, 0x0000000085000000, 0x00000000d6000000)
  object space 49152K, 50% used [0x0000000082000000,0x00000000838620f8,0x0000000085000000)
 Metaspace       used 34129K, capacity 35330K, committed 35456K, reserved 1079296K
  class space    used 4382K, capacity 4663K, committed 4736K, reserved 1048576K
}
Event: 7.680 GC heap before
{Heap before GC invocations=9 (full 2):
 PSYoungGen      total 135168K, used 8180K [0x00000000d6000000, 0x00000000e2b00000, 0x0000000100000000)
  eden space 126976K, 0% used [0x00000000d6000000,0x00000000d6000000,0x00000000ddc00000)
  from space 8192K, 99% used [0x00000000ddc00000,0x00000000de3fd3c8,0x00000000de400000)
  to   space 17920K, 0% used [0x00000000e1980000,0x00000000e1980000,0x00000000e2b00000)
 ParOldGen       total 49152K, used 24968K [0x0000000082000000, 0x0000000085000000, 0x00000000d6000000)
  object space 49152K, 50% used [0x0000000082000000,0x00000000838620f8,0x0000000085000000)
 Metaspace       used 34129K, capacity 35330K, committed 35456K, reserved 1079296K
  class space    used 4382K, capacity 4663K, committed 4736K, reserved 1048576K
Event: 7.724 GC heap after
Heap after GC invocations=9 (full 2):
 PSYoungGen      total 135168K, used 0K [0x00000000d6000000, 0x00000000e2b00000, 0x0000000100000000)
  eden space 126976K, 0% used [0x00000000d6000000,0x00000000d6000000,0x00000000ddc00000)
  from space 8192K, 0% used [0x00000000ddc00000,0x00000000ddc00000,0x00000000de400000)
  to   space 17920K, 0% used [0x00000000e1980000,0x00000000e1980000,0x00000000e2b00000)
 ParOldGen       total 100352K, used 29278K [0x0000000082000000, 0x0000000088200000, 0x00000000d6000000)
  object space 100352K, 29% used [0x0000000082000000,0x0000000083c978b0,0x0000000088200000)
 Metaspace       used 34129K, capacity 35330K, committed 35456K, reserved 1079296K
  class space    used 4382K, capacity 4663K, committed 4736K, reserved 1048576K
}

Deoptimization events (10 events):
Event: 7.972 Thread 0x0000000002289000 Uncommon trap: reason=unhandled action=none pc=0x0000000002a219f8 method=java.net.URLClassLoader.findClass(Ljava/lang/String;)Ljava/lang/Class; @ 44
Event: 7.972 Thread 0x0000000002289000 Uncommon trap: reason=unhandled action=none pc=0x0000000002a219f8 method=java.net.URLClassLoader.findClass(Ljava/lang/String;)Ljava/lang/Class; @ 44
Event: 7.974 Thread 0x0000000002289000 Uncommon trap: reason=unhandled action=none pc=0x0000000002a219f8 method=java.net.URLClassLoader.findClass(Ljava/lang/String;)Ljava/lang/Class; @ 44
Event: 7.974 Thread 0x0000000002289000 Uncommon trap: reason=unhandled action=none pc=0x0000000002a219f8 method=java.net.URLClassLoader.findClass(Ljava/lang/String;)Ljava/lang/Class; @ 44
Event: 7.975 Thread 0x0000000002289000 Uncommon trap: reason=unhandled action=none pc=0x0000000002a219f8 method=java.net.URLClassLoader.findClass(Ljava/lang/String;)Ljava/lang/Class; @ 44
Event: 7.975 Thread 0x0000000002289000 Uncommon trap: reason=unhandled action=none pc=0x0000000002a219f8 method=java.net.URLClassLoader.findClass(Ljava/lang/String;)Ljava/lang/Class; @ 44
Event: 7.976 Thread 0x0000000002289000 Uncommon trap: reason=unhandled action=none pc=0x0000000002a219f8 method=java.net.URLClassLoader.findClass(Ljava/lang/String;)Ljava/lang/Class; @ 44
Event: 7.977 Thread 0x0000000002289000 Uncommon trap: reason=unhandled action=none pc=0x0000000002a219f8 method=java.net.URLClassLoader.findClass(Ljava/lang/String;)Ljava/lang/Class; @ 44
Event: 7.978 Thread 0x0000000002289000 Uncommon trap: reason=unhandled action=none pc=0x0000000002a219f8 method=java.net.URLClassLoader.findClass(Ljava/lang/String;)Ljava/lang/Class; @ 44
Event: 7.984 Thread 0x0000000002289000 Uncommon trap: reason=unhandled action=none pc=0x0000000002a219f8 method=java.net.URLClassLoader.findClass(Ljava/lang/String;)Ljava/lang/Class; @ 44

Classes redefined (0 events):
No events

Internal exceptions (10 events):
Event: 6.007 Thread 0x0000000002289000 Exception <a 'java/lang/NoSuchMethodError': java.lang.Object.lambda$chars$0()Ljava/util/Spliterator$OfInt;> (0x00000000d71df340) thrown at [C:\jenkins\workspace\8-2-build-windows-amd64-cygwin\jdk8u251\737\hotspot\src\share\vm\interpreter\linkResolver.cpp,
Event: 6.054 Thread 0x0000000002289000 Exception <a 'java/lang/NoSuchMethodError': java.lang.Object.lambda$negate$1(Ljava/lang/Object;)Z> (0x00000000d7424d18) thrown at [C:\jenkins\workspace\8-2-build-windows-amd64-cygwin\jdk8u251\737\hotspot\src\share\vm\interpreter\linkResolver.cpp, line 620
Event: 6.666 Thread 0x0000000018fa7800 Exception <a 'java/lang/ArrayIndexOutOfBoundsException': 70> (0x00000000d82fec10) thrown at [C:\jenkins\workspace\8-2-build-windows-amd64-cygwin\jdk8u251\737\hotspot\src\share\vm\interpreter\interpreterRuntime.cpp, line 368]
Event: 6.666 Thread 0x0000000018fa7800 Exception <a 'java/lang/ArrayIndexOutOfBoundsException': 114> (0x00000000d8300238) thrown at [C:\jenkins\workspace\8-2-build-windows-amd64-cygwin\jdk8u251\737\hotspot\src\share\vm\interpreter\interpreterRuntime.cpp, line 368]
Event: 6.667 Thread 0x0000000018fa7800 Exception <a 'java/lang/ArrayIndexOutOfBoundsException': 69> (0x00000000d8303998) thrown at [C:\jenkins\workspace\8-2-build-windows-amd64-cygwin\jdk8u251\737\hotspot\src\share\vm\interpreter\interpreterRuntime.cpp, line 368]
Event: 6.667 Thread 0x0000000018fa7800 Exception <a 'java/lang/ArrayIndexOutOfBoundsException': 90> (0x00000000d8304b10) thrown at [C:\jenkins\workspace\8-2-build-windows-amd64-cygwin\jdk8u251\737\hotspot\src\share\vm\interpreter\interpreterRuntime.cpp, line 368]
Event: 7.782 Thread 0x0000000002289000 Exception <a 'java/lang/NoSuchMethodError': java.lang.Object.lambda$getResponseFunction$0(Lorg/openqa/selenium/remote/InitialHandshakeResponse;)Lorg/openqa/selenium/remote/ProtocolHandshake$Result;> (0x00000000d61cc618) thrown at [C:\jenkins\workspace\8-2
Event: 7.924 Thread 0x000000001a326800 Exception <a 'java/lang/ArrayIndexOutOfBoundsException': 167> (0x00000000d671e4c0) thrown at [C:\jenkins\workspace\8-2-build-windows-amd64-cygwin\jdk8u251\737\hotspot\src\share\vm\interpreter\interpreterRuntime.cpp, line 368]
Event: 7.940 Thread 0x000000001a326800 Exception <a 'java/lang/ArrayIndexOutOfBoundsException': 163> (0x00000000d679ff38) thrown at [C:\jenkins\workspace\8-2-build-windows-amd64-cygwin\jdk8u251\737\hotspot\src\share\vm\interpreter\interpreterRuntime.cpp, line 368]
Event: 7.940 Thread 0x000000001a326800 Exception <a 'java/lang/ArrayIndexOutOfBoundsException': 276> (0x00000000d67a2bf8) thrown at [C:\jenkins\workspace\8-2-build-windows-amd64-cygwin\jdk8u251\737\hotspot\src\share\vm\interpreter\interpreterRuntime.cpp, line 368]

Events (10 events):
Event: 7.983 Executing VM operation: RevokeBias done
Event: 7.984 loading class org/openqa/selenium/remote/RemoteWebDriver$RemoteWebDriverOptions$RemoteWindow
Event: 7.984 loading class org/openqa/selenium/remote/RemoteWebDriver$RemoteWebDriverOptions$RemoteWindow done
Event: 7.984 Thread 0x0000000002289000 Uncommon trap: trap_request=0xffffffa7 fr.pc=0x0000000002a219f8
Event: 7.984 Thread 0x0000000002289000 DEOPT PACKING pc=0x0000000002a219f8 sp=0x000000000226d230
Event: 7.984 Thread 0x0000000002289000 DEOPT UNPACKING pc=0x00000000023c583b sp=0x000000000226d128 mode 2
Event: 7.986 Executing VM operation: RevokeBias
Event: 7.987 Executing VM operation: RevokeBias done
Event: 7.987 Executing VM operation: RevokeBias
Event: 7.987 Executing VM operation: RevokeBias done


Dynamic libraries:
0x00007ff76b2c0000 - 0x00007ff76b2f7000 	C:\Program Files\Java\jdk1.8.0_251\bin\javaw.exe
0x00007ffdffc10000 - 0x00007ffdffe05000 	C:\WINDOWS\SYSTEM32\ntdll.dll
0x00007ffdffb10000 - 0x00007ffdffbcd000 	C:\WINDOWS\System32\KERNEL32.DLL
0x00007ffdfd480000 - 0x00007ffdfd74d000 	C:\WINDOWS\System32\KERNELBASE.dll
0x00007ffdff870000 - 0x00007ffdff91e000 	C:\WINDOWS\System32\ADVAPI32.dll
0x00007ffdfef10000 - 0x00007ffdfefae000 	C:\WINDOWS\System32\msvcrt.dll
0x00007ffdffa70000 - 0x00007ffdffb0c000 	C:\WINDOWS\System32\sechost.dll
0x00007ffdfeb90000 - 0x00007ffdfecb5000 	C:\WINDOWS\System32\RPCRT4.dll
0x00007ffdfecc0000 - 0x00007ffdfee60000 	C:\WINDOWS\System32\USER32.dll
0x00007ffdfd450000 - 0x00007ffdfd472000 	C:\WINDOWS\System32\win32u.dll
0x00007ffdff1e0000 - 0x00007ffdff20a000 	C:\WINDOWS\System32\GDI32.dll
0x00007ffdfd7c0000 - 0x00007ffdfd8cb000 	C:\WINDOWS\System32\gdi32full.dll
0x00007ffdfd3b0000 - 0x00007ffdfd44d000 	C:\WINDOWS\System32\msvcp_win.dll
0x00007ffdfdb60000 - 0x00007ffdfdc60000 	C:\WINDOWS\System32\ucrtbase.dll
0x00007ffdefc70000 - 0x00007ffdeff0a000 	C:\WINDOWS\WinSxS\amd64_microsoft.windows.common-controls_6595b64144ccf1df_6.0.19041.1110_none_60b5254171f9507e\COMCTL32.dll
0x00007ffdfea30000 - 0x00007ffdfea60000 	C:\WINDOWS\System32\IMM32.DLL
0x000000006e3c0000 - 0x000000006e492000 	C:\Program Files\Java\jdk1.8.0_251\jre\bin\msvcr100.dll
0x000000006cef0000 - 0x000000006d79b000 	C:\Program Files\Java\jdk1.8.0_251\jre\bin\server\jvm.dll
0x00007ffdfefb0000 - 0x00007ffdfefb8000 	C:\WINDOWS\System32\PSAPI.DLL
0x00007ffde95d0000 - 0x00007ffde95d9000 	C:\WINDOWS\SYSTEM32\WSOCK32.dll
0x00007ffdffa00000 - 0x00007ffdffa6b000 	C:\WINDOWS\System32\WS2_32.dll
0x00007ffde3ea0000 - 0x00007ffde3ec7000 	C:\WINDOWS\SYSTEM32\WINMM.dll
0x00007ffdf7640000 - 0x00007ffdf764a000 	C:\WINDOWS\SYSTEM32\VERSION.dll
0x00007ffdfa180000 - 0x00007ffdfa18f000 	C:\Program Files\Java\jdk1.8.0_251\jre\bin\verify.dll
0x00007ffde62f0000 - 0x00007ffde6319000 	C:\Program Files\Java\jdk1.8.0_251\jre\bin\java.dll
0x00007ffdd67b0000 - 0x00007ffdd67e5000 	C:\Program Files\Java\jdk1.8.0_251\jre\bin\jdwp.dll
0x00007ffdfa0e0000 - 0x00007ffdfa0e8000 	C:\Program Files\Java\jdk1.8.0_251\jre\bin\npt.dll
0x00007ffdea210000 - 0x00007ffdea226000 	C:\Program Files\Java\jdk1.8.0_251\jre\bin\zip.dll
0x00007ffdfdc60000 - 0x00007ffdfe3a4000 	C:\WINDOWS\System32\SHELL32.dll
0x00007ffdfb050000 - 0x00007ffdfb7e4000 	C:\WINDOWS\SYSTEM32\windows.storage.dll
0x00007ffdfe3b0000 - 0x00007ffdfe704000 	C:\WINDOWS\System32\combase.dll
0x00007ffdfccb0000 - 0x00007ffdfccdc000 	C:\WINDOWS\SYSTEM32\Wldp.dll
0x00007ffdfe840000 - 0x00007ffdfe8ed000 	C:\WINDOWS\System32\SHCORE.dll
0x00007ffdff330000 - 0x00007ffdff385000 	C:\WINDOWS\System32\shlwapi.dll
0x00007ffdfd260000 - 0x00007ffdfd27f000 	C:\WINDOWS\SYSTEM32\profapi.dll
0x00007ffdf3950000 - 0x00007ffdf3959000 	C:\Program Files\Java\jdk1.8.0_251\jre\bin\dt_socket.dll
0x00007ffde8d90000 - 0x00007ffde8da7000 	C:\WINDOWS\system32\napinsp.dll
0x00007ffde8840000 - 0x00007ffde885b000 	C:\WINDOWS\system32\pnrpnsp.dll
0x00007ffde8520000 - 0x00007ffde8535000 	C:\WINDOWS\system32\wshbth.dll
0x00007ffdf9e70000 - 0x00007ffdf9e8d000 	C:\WINDOWS\system32\NLAapi.dll
0x00007ffdfc700000 - 0x00007ffdfc73b000 	C:\WINDOWS\SYSTEM32\IPHLPAPI.DLL
0x00007ffdfca10000 - 0x00007ffdfca7a000 	C:\WINDOWS\System32\mswsock.dll
0x00007ffdfc740000 - 0x00007ffdfc80b000 	C:\WINDOWS\SYSTEM32\DNSAPI.dll
0x00007ffdfefc0000 - 0x00007ffdfefc8000 	C:\WINDOWS\System32\NSI.dll
0x00007ffde8490000 - 0x00007ffde84a2000 	C:\WINDOWS\System32\winrnr.dll
0x00007ffdee570000 - 0x00007ffdee5f0000 	C:\WINDOWS\System32\fwpuclnt.dll
0x00007ffdfdb30000 - 0x00007ffdfdb57000 	C:\WINDOWS\System32\bcrypt.dll
0x00007ffdef9f0000 - 0x00007ffdef9fa000 	C:\Windows\System32\rasadhlp.dll
0x00007ffdea160000 - 0x00007ffdea17a000 	C:\Program Files\Java\jdk1.8.0_251\jre\bin\net.dll
0x00007ffdfcc10000 - 0x00007ffdfcc28000 	C:\WINDOWS\SYSTEM32\CRYPTSP.dll
0x00007ffdfc390000 - 0x00007ffdfc3c4000 	C:\WINDOWS\system32\rsaenh.dll
0x00007ffdfd1d0000 - 0x00007ffdfd1fe000 	C:\WINDOWS\SYSTEM32\USERENV.dll
0x00007ffdfd320000 - 0x00007ffdfd3a2000 	C:\WINDOWS\System32\bcryptprimitives.dll
0x00007ffdfcc00000 - 0x00007ffdfcc0c000 	C:\WINDOWS\SYSTEM32\CRYPTBASE.dll
0x00007ffdf5640000 - 0x00007ffdf5657000 	C:\WINDOWS\SYSTEM32\dhcpcsvc6.DLL
0x00007ffdf5750000 - 0x00007ffdf576d000 	C:\WINDOWS\SYSTEM32\dhcpcsvc.DLL
0x00007ffde4530000 - 0x00007ffde4542000 	C:\Program Files\Java\jdk1.8.0_251\jre\bin\nio.dll
0x00007ffdf37e0000 - 0x00007ffdf37ed000 	C:\Program Files\Java\jdk1.8.0_251\jre\bin\management.dll
0x00007ffdda0f0000 - 0x00007ffdda114000 	C:\Program Files\Java\jdk1.8.0_251\jre\bin\sunec.dll
0x00007ffdeab20000 - 0x00007ffdeab2c000 	C:\Program Files\Java\jdk1.8.0_251\jre\bin\sunmscapi.dll
0x00007ffdfd9d0000 - 0x00007ffdfdb26000 	C:\WINDOWS\System32\CRYPT32.dll
0x00007ffdfcd20000 - 0x00007ffdfcd47000 	C:\WINDOWS\SYSTEM32\ncrypt.dll
0x00007ffdfcce0000 - 0x00007ffdfcd1b000 	C:\WINDOWS\SYSTEM32\NTASN1.dll

VM Arguments:
jvm_args: -agentlib:jdwp=transport=dt_socket,suspend=y,address=localhost:52464 -ea -Dfile.encoding=Cp1252 
java_command: org.testng.remote.RemoteTestNG -serport 52463 -protocol json -d C:\Users\VISHAKAN\eclipse-workspace\Dsalgo_Herokuapp\test-output C:\Users\VISHAKAN\eclipse-workspace\Dsalgo_Herokuapp\TestNG.xml
java_class_path (initial): C:\Users\VISHAKAN\eclipse\java-2020-034\eclipse\configuration\org.eclipse.osgi\955\0\.cp\lib\testng-remote.jar;C:\Users\VISHAKAN\eclipse-workspace\Dsalgo_Herokuapp\target\test-classes;C:\Users\VISHAKAN\eclipse-workspace\Dsalgo_Herokuapp\target\classes;C:\Users\VISHAKAN\.p2\pool\plugins\org.testng_7.4.0.r202105021533.jar;C:\Users\VISHAKAN\.p2\pool\plugins\com.beust.jcommander_1.78.0.jar;C:\Users\VISHAKAN\.p2\pool\plugins\org.apache-extras.beanshell.bsh_2.0.0.b6.jar;C:\Users\VISHAKAN\.p2\pool\plugins\org.yaml.snakeyaml_1.21.0.jar;C:\Users\VISHAKAN\.p2\pool\plugins\org.webjars.jquery_3.5.1.jar;C:\Users\VISHAKAN\.m2\repository\junit\junit\4.11\junit-4.11.jar;C:\Users\VISHAKAN\.m2\repository\org\hamcrest\hamcrest-core\1.3\hamcrest-core-1.3.jar;C:\Users\VISHAKAN\.m2\repository\org\seleniumhq\selenium\selenium-java\4.1.2\selenium-java-4.1.2.jar;C:\Users\VISHAKAN\.m2\repository\org\seleniumhq\selenium\selenium-api\4.1.2\selenium-api-4.1.2.jar;C:\Users\VISHAKAN\.m2\repository\org\seleniumhq\selenium\selenium-chrome-driver\4.1.2\selenium-chrome-driver-4.1.2.jar;C:\Users\VISHAKAN\.m2\repository\com\google\auto\service\auto-service-annotations\1.0.1\auto-service-annotations-1.0.1.jar;C:\Users\VISHAKAN\.m2\repository\com\google\auto\service\auto-service\1.0.1\auto-service-1.0.1.jar;C:\Users\VISHAKAN\.m2\repository\com\google\auto\auto-common\1.2\auto-common-1.2.jar;C:\Users\VISHAKAN\.m2\repository\com\google\guava\guava\31.0.1-jre\guava-31.0.1-jre.jar;C:\Users\VISHAKAN\.m2\repository\com\google\guava\failureaccess\1.0.1\failureaccess-1.0.1.jar;C:\Users\VISHAKAN\.m2\repository\com\google\guava\listenablefuture\9999.0-empty-to-avoid-conflict-with-guava\listenablefuture-9999.0-empty-to-avoid-conflict-with-guava.jar;C:\Users\VISHAKAN\.m2\repository\com\google\code\findbugs\jsr305\3.0.2\jsr305-3.0.2.jar;C:\Users\VISHAKAN\.m2\repository\org\checkerframework\checker-qual\3.12.0\checker-qual-3.12.0.jar;C:\Users\VISHAKAN\.m2\repository\com\google\errorprone\e
Launcher Type: SUN_STANDARD

Environment Variables:
JAVA_HOME=C:\Program Files\Java\jdk-11.0.14
USERNAME=VISHAKAN
OS=Windows_NT
PROCESSOR_IDENTIFIER=Intel64 Family 6 Model 142 Stepping 9, GenuineIntel



---------------  S Y S T E M  ---------------

OS: Windows 10.0 , 64 bit Build 19041 (10.0.19041.1706)

CPU:total 4 (initial active 4) (2 cores per cpu, 2 threads per core) family 6 model 142 stepping 9, cmov, cx8, fxsr, mmx, sse, sse2, sse3, ssse3, sse4.1, sse4.2, popcnt, avx, avx2, aes, clmul, erms, 3dnowpref, lzcnt, ht, tsc, tscinvbit, bmi1, bmi2, adx

Memory: 4k page, physical 8255104k(487528k free), swap 8255104k(40008k free)

vm_info: Java HotSpot(TM) 64-Bit Server VM (25.251-b08) for windows-amd64 JRE (1.8.0_251-b08), built on Mar 12 2020 06:31:49 by "" with MS VC++ 10.0 (VS2010)

time: Sun May 22 18:30:52 2022
timezone: Central Daylight Time
elapsed time: 9 seconds (0d 0h 0m 9s)

